2026-03-16T10:01:50.167859Z | auth-service      | WARN  | req-aef6-4dae-0357  | Token expiring soon                           | latency=286ms
2026-03-16T10:01:50.365133Z | auth-service      | INFO  | req-5d1c-908c-7cff  | Session created                               | latency=24ms
2026-03-16T10:01:50.565938Z | auth-service      | INFO  | req-69de-5d57-911a  | User authenticated                            | latency=98ms
2026-03-16T10:01:50.777823Z | auth-service      | INFO  | req-3024-489a-aacf  | User authenticated                            | latency=10ms
2026-03-16T10:01:50.977522Z | auth-service      | INFO  | req-9b2c-415d-8c16  | Session created                               | latency=39ms
2026-03-16T10:01:51.179867Z | auth-service      | WARN  | req-2eb0-6955-7ac1  | Rate limit approaching for user               | latency=239ms
2026-03-16T10:01:51.378619Z | auth-service      | INFO  | req-d8b7-1dd4-8236  | Session created                               | latency=78ms
2026-03-16T10:01:51.576025Z | auth-service      | INFO  | req-22c0-5e15-480a  | Session created                               | latency=25ms
2026-03-16T10:01:51.77856Z | auth-service      | INFO  | req-a396-8d78-99ba  | Session created                               | latency=96ms
2026-03-16T10:01:51.972809Z | auth-service      | INFO  | req-3333-6753-c5e8  | Token validated successfully                  | latency=34ms
2026-03-16T10:01:52.160967Z | auth-service      | WARN  | req-57e9-ed6c-6d05  | Rate limit approaching for user               | latency=195ms
2026-03-16T10:01:52.363798Z | auth-service      | INFO  | req-af67-f4f9-9156  | User authenticated                            | latency=63ms
2026-03-16T10:01:52.577369Z | auth-service      | WARN  | req-53fc-7f50-b35e  | Token expiring soon                           | latency=242ms
2026-03-16T10:01:52.760929Z | auth-service      | INFO  | req-d073-d6dd-19cd  | Session created                               | latency=27ms
2026-03-16T10:01:52.96682Z | auth-service      | WARN  | req-3993-9178-3b75  | Token expiring soon                           | latency=319ms
2026-03-16T10:01:53.166066Z | auth-service      | WARN  | req-b315-28ce-75fb  | Rate limit approaching for user               | latency=177ms
2026-03-16T10:01:53.380844Z | auth-service      | INFO  | req-2e16-263b-9fc4  | User authenticated                            | latency=39ms
2026-03-16T10:01:53.575422Z | auth-service      | WARN  | req-bb06-a199-e27b  | Rate limit approaching for user               | latency=246ms
2026-03-16T10:01:53.769299Z | auth-service      | INFO  | req-1df8-b0c2-e1d7  | Token validated successfully                  | latency=55ms
2026-03-16T10:01:53.961618Z | auth-service      | INFO  | req-9949-de91-80c8  | User authenticated                            | latency=13ms
2026-03-16T10:01:54.168245Z | auth-service      | INFO  | req-9416-56ac-9cda  | User authenticated                            | latency=64ms
2026-03-16T10:01:54.373813Z | auth-service      | ERROR | req-9cc5-e302-194a  | Auth service unavailable                      | latency=27ms
2026-03-16T10:01:54.573056Z | auth-service      | INFO  | req-6297-c1ae-2d6e  | Token validated successfully                  | latency=104ms
2026-03-16T10:01:54.761434Z | auth-service      | INFO  | req-6c38-0cfa-37ae  | User authenticated                            | latency=87ms
2026-03-16T10:01:54.970013Z | auth-service      | WARN  | req-9764-8588-d82b  | Token expiring soon                           | latency=226ms
2026-03-16T10:01:55.168468Z | auth-service      | INFO  | req-f807-5743-12b2  | User authenticated                            | latency=56ms
2026-03-16T10:01:55.36393Z | auth-service      | WARN  | req-b17f-74fb-b186  | Token expiring soon                           | latency=224ms
2026-03-16T10:01:55.567827Z | auth-service      | INFO  | req-dd67-93f8-22d8  | Token validated successfully                  | latency=81ms
2026-03-16T10:01:55.773523Z | auth-service      | ERROR | req-6a82-c899-aa68  | Auth service unavailable                      | latency=775ms
2026-03-16T10:01:55.970016Z | auth-service      | INFO  | req-66d1-2598-d421  | Token validated successfully                  | latency=87ms
2026-03-16T10:01:56.172539Z | auth-service      | INFO  | req-06c7-bc91-c1a0  | User authenticated                            | latency=97ms
2026-03-16T10:01:56.372318Z | auth-service      | INFO  | req-c435-34b0-41ab  | User authenticated                            | latency=30ms
2026-03-16T10:01:56.580812Z | auth-service      | ERROR | req-a004-e123-feee  | Authentication failed: invalid token          | latency=921ms
2026-03-16T10:01:56.777906Z | auth-service      | INFO  | req-dd8b-871a-5605  | User authenticated                            | latency=91ms
2026-03-16T10:01:56.977148Z | auth-service      | ERROR | req-5aab-012a-a578  | Token expired: invalid JWT structure          | latency=888ms
2026-03-16T10:01:57.176137Z | auth-service      | INFO  | req-cfdf-448a-a9fc  | Token validated successfully                  | latency=65ms
2026-03-16T10:01:57.360867Z | auth-service      | INFO  | req-09b1-f94d-2d79  | Token validated successfully                  | latency=106ms
2026-03-16T10:01:57.561932Z | auth-service      | WARN  | req-f3a0-4115-91cc  | Token expiring soon                           | latency=411ms
2026-03-16T10:01:57.767988Z | auth-service      | INFO  | req-2fb9-1e5a-6a7a  | User authenticated                            | latency=93ms
2026-03-16T10:01:57.972433Z | auth-service      | WARN  | req-241f-add4-55cc  | Rate limit approaching for user               | latency=391ms
2026-03-16T10:01:58.165167Z | auth-service      | ERROR | req-51f0-0af8-cda2  | Authentication failed: invalid token          | latency=946ms
2026-03-16T10:01:58.363376Z | auth-service      | ERROR | req-a113-4b29-a39a  | Token expired: invalid JWT structure          | latency=1518ms
2026-03-16T10:01:58.572821Z | auth-service      | WARN  | req-46bb-08ee-110e  | Token expiring soon                           | latency=386ms
2026-03-16T10:01:58.779299Z | auth-service      | ERROR | req-d8c6-cd64-1474  | Auth service unavailable                      | latency=985ms
2026-03-16T10:01:58.96495Z | auth-service      | INFO  | req-4b98-f84a-fdcc  | User authenticated                            | latency=47ms
2026-03-16T10:01:59.174894Z | auth-service      | ERROR | req-a8ff-4671-305b  | Token expired: invalid JWT structure          | latency=1151ms
2026-03-16T10:01:59.380277Z | auth-service      | WARN  | req-54e4-2607-c4ba  | Rate limit approaching for user               | latency=133ms
2026-03-16T10:01:59.57628Z | auth-service      | INFO  | req-8815-43d9-886a  | User authenticated                            | latency=30ms
2026-03-16T10:01:59.778158Z | auth-service      | WARN  | req-ecf2-d907-d6e3  | Token expiring soon                           | latency=415ms
2026-03-16T10:01:59.96157Z | auth-service      | INFO  | req-9fcc-04bb-0bf0  | Session created                               | latency=90ms
2026-03-16T10:02:00.174876Z | auth-service      | INFO  | req-dd2b-cf3c-d2a6  | Session created                               | latency=68ms
2026-03-16T10:02:00.37006Z | auth-service      | INFO  | req-1640-3c23-ed44  | Session created                               | latency=24ms
2026-03-16T10:02:00.56284Z | auth-service      | INFO  | req-a5e5-5856-4471  | User authenticated                            | latency=102ms
2026-03-16T10:02:00.768843Z | auth-service      | INFO  | req-378b-868a-8038  | User authenticated                            | latency=19ms
2026-03-16T10:02:00.960554Z | auth-service      | INFO  | req-8bab-2ed3-2aa0  | User authenticated                            | latency=57ms
2026-03-16T10:02:01.178516Z | auth-service      | INFO  | req-2e75-d00f-422e  | Session created                               | latency=76ms
2026-03-16T10:02:01.564827Z | auth-service      | INFO  | req-ba86-65a1-ba57  | Session created                               | latency=13ms
2026-03-16T10:02:01.773363Z | auth-service      | ERROR | req-257b-6101-77ee  | Token expired: invalid JWT structure          | latency=771ms
2026-03-16T10:02:01.980794Z | auth-service      | INFO  | req-6d01-b002-4a99  | User authenticated                            | latency=84ms
2026-03-16T10:02:02.163092Z | auth-service      | INFO  | req-851c-79f7-245e  | User authenticated                            | latency=32ms
2026-03-16T10:02:02.366854Z | auth-service      | INFO  | req-b3d3-a4c8-1c3a  | Token validated successfully                  | latency=65ms
2026-03-16T10:02:02.576463Z | auth-service      | INFO  | req-8b56-4d7b-2aca  | Session created                               | latency=79ms
2026-03-16T10:02:02.773885Z | auth-service      | INFO  | req-fac7-5191-9151  | User authenticated                            | latency=10ms
2026-03-16T10:02:02.980894Z | auth-service      | ERROR | req-931b-51d1-591f  | Auth service unavailable                      | latency=1140ms
2026-03-16T10:02:03.180376Z | auth-service      | INFO  | req-3674-8c71-1411  | User authenticated                            | latency=98ms
2026-03-16T10:02:03.378694Z | auth-service      | INFO  | req-6d01-ab9d-3c09  | User authenticated                            | latency=99ms
2026-03-16T10:02:03.578524Z | auth-service      | INFO  | req-a3ff-264f-1875  | Session created                               | latency=24ms
2026-03-16T10:02:03.774002Z | auth-service      | INFO  | req-eaa9-f077-2414  | Token validated successfully                  | latency=87ms
2026-03-16T10:02:03.963246Z | auth-service      | INFO  | req-8c02-6169-a4d9  | Session created                               | latency=12ms
2026-03-16T10:02:04.17677Z | auth-service      | WARN  | req-c343-2fae-03df  | Token expiring soon                           | latency=177ms
2026-03-16T10:02:04.367665Z | auth-service      | ERROR | req-98cd-6eae-746c  | Authentication failed: invalid token          | latency=1470ms
2026-03-16T10:02:04.579035Z | auth-service      | WARN  | req-d0d4-64cf-908a  | Token expiring soon                           | latency=224ms
2026-03-16T10:02:04.766997Z | auth-service      | INFO  | req-5668-c1ca-7dd8  | Token validated successfully                  | latency=69ms
2026-03-16T10:02:04.973821Z | auth-service      | INFO  | req-55cf-805f-cbce  | Token validated successfully                  | latency=93ms
2026-03-16T10:02:05.174908Z | auth-service      | INFO  | req-2971-03c6-c7bf  | Token validated successfully                  | latency=98ms
2026-03-16T10:02:05.365822Z | auth-service      | ERROR | req-ca6d-cdc5-4d39  | Authentication failed: invalid token          | latency=197ms
2026-03-16T10:02:05.57437Z | auth-service      | INFO  | req-1e42-1125-e1c6  | Session created                               | latency=31ms
2026-03-16T10:02:05.778247Z | auth-service      | INFO  | req-0fd1-c3ba-c6aa  | User authenticated                            | latency=36ms
2026-03-16T10:02:05.969292Z | auth-service      | INFO  | req-aa8d-fced-f146  | Session created                               | latency=52ms
2026-03-16T10:02:06.169869Z | auth-service      | INFO  | req-2b3a-4909-48eb  | Session created                               | latency=40ms
2026-03-16T10:02:06.362099Z | auth-service      | WARN  | req-452e-7826-0db3  | Token expiring soon                           | latency=181ms
2026-03-16T10:02:06.77152Z | auth-service      | INFO  | req-43d9-28ac-e22a  | User authenticated                            | latency=63ms
2026-03-16T10:02:06.973293Z | auth-service      | INFO  | req-5b38-fea3-e335  | User authenticated                            | latency=105ms
2026-03-16T10:02:07.178532Z | auth-service      | INFO  | req-a160-262d-31d9  | User authenticated                            | latency=24ms
2026-03-16T10:02:07.375593Z | auth-service      | INFO  | req-e78c-aea0-2a1b  | Token validated successfully                  | latency=95ms
2026-03-16T10:02:07.576281Z | auth-service      | ERROR | req-9805-9c31-a922  | Token expired: invalid JWT structure          | latency=1319ms
2026-03-16T10:02:07.761491Z | auth-service      | INFO  | req-ce1e-0604-43fb  | Session created                               | latency=105ms
2026-03-16T10:02:08.170362Z | auth-service      | INFO  | req-3fd8-3bc7-b6f1  | User authenticated                            | latency=21ms
2026-03-16T10:02:08.376336Z | auth-service      | INFO  | req-8bd3-203b-bdbd  | User authenticated                            | latency=35ms
2026-03-16T10:02:08.574584Z | auth-service      | INFO  | req-5e55-5f40-7000  | Session created                               | latency=94ms
2026-03-16T10:02:08.763196Z | auth-service      | INFO  | req-f9db-d3ad-c8ba  | Token validated successfully                  | latency=29ms
2026-03-16T10:02:08.961935Z | auth-service      | ERROR | req-c246-b375-0d13  | Token expired: invalid JWT structure          | latency=1170ms
2026-03-16T10:02:09.176746Z | auth-service      | WARN  | req-1b92-1ec9-3159  | Rate limit approaching for user               | latency=405ms
2026-03-16T10:02:09.377997Z | auth-service      | ERROR | req-ddc6-6020-44cb  | Authentication failed: invalid token          | latency=316ms
2026-03-16T10:02:09.564896Z | auth-service      | INFO  | req-1acf-32e4-a782  | Session created                               | latency=90ms
2026-03-16T10:02:09.769859Z | auth-service      | WARN  | req-2d34-fa3f-2457  | Rate limit approaching for user               | latency=426ms
2026-03-16T10:02:09.980381Z | auth-service      | INFO  | req-1e8f-25fb-9899  | User authenticated                            | latency=54ms
2026-03-16T10:02:10.168929Z | auth-service      | INFO  | req-8c7e-585f-2c30  | User authenticated                            | latency=55ms
2026-03-16T10:02:10.365462Z | auth-service      | INFO  | req-fd29-aa65-c6c7  | Session created                               | latency=10ms
2026-03-16T10:02:10.563838Z | auth-service      | WARN  | req-1e8f-b38e-08b5  | Rate limit approaching for user               | latency=146ms
2026-03-16T10:02:10.763439Z | auth-service      | INFO  | req-4871-6f9a-038f  | User authenticated                            | latency=71ms
2026-03-16T10:02:10.976183Z | auth-service      | WARN  | req-d101-7013-4dbc  | Token expiring soon                           | latency=228ms
2026-03-16T10:02:11.174003Z | auth-service      | INFO  | req-61f5-833b-6aea  | Token validated successfully                  | latency=79ms
2026-03-16T10:02:11.363835Z | auth-service      | ERROR | req-ef2a-df04-abd3  | Auth service unavailable                      | latency=829ms
2026-03-16T10:02:11.578223Z | auth-service      | ERROR | req-000d-abba-2fcd  | Token expired: invalid JWT structure          | latency=769ms
2026-03-16T10:02:11.764929Z | auth-service      | ERROR | req-3719-01cf-0839  | Token expired: invalid JWT structure          | latency=889ms
2026-03-16T10:02:11.973846Z | auth-service      | INFO  | req-97b7-6e98-dc9b  | User authenticated                            | latency=12ms
2026-03-16T10:02:12.164597Z | auth-service      | ERROR | req-7881-7dbf-0702  | Token expired: signature validation failed    | latency=1008ms
2026-03-16T10:02:12.378923Z | auth-service      | ERROR | req-f34a-3973-8125  | Auth service unavailable                      | latency=546ms
2026-03-16T10:02:12.561509Z | auth-service      | INFO  | req-0cb1-9847-41c7  | Token validated successfully                  | latency=109ms
2026-03-16T10:02:12.761395Z | auth-service      | INFO  | req-43a7-f48a-fe6f  | Session created                               | latency=50ms
2026-03-16T10:02:12.970017Z | auth-service      | INFO  | req-558a-f825-8247  | User authenticated                            | latency=81ms
2026-03-16T10:02:13.17391Z | auth-service      | INFO  | req-0f66-79dc-40b4  | User authenticated                            | latency=92ms
2026-03-16T10:02:13.378726Z | auth-service      | INFO  | req-40d3-4688-f0d4  | Token validated successfully                  | latency=44ms
2026-03-16T10:02:13.768681Z | auth-service      | INFO  | req-1fb4-74e8-8c6a  | User authenticated                            | latency=93ms
2026-03-16T10:02:13.979874Z | auth-service      | INFO  | req-31b2-c02c-e6f0  | User authenticated                            | latency=12ms
2026-03-16T10:02:14.161976Z | auth-service      | INFO  | req-170f-b40d-bd98  | User authenticated                            | latency=60ms
2026-03-16T10:02:14.374289Z | auth-service      | INFO  | req-1086-d80d-f972  | User authenticated                            | latency=52ms
2026-03-16T10:02:14.565195Z | auth-service      | ERROR | req-d7eb-a671-a405  | Auth service unavailable                      | latency=185ms
2026-03-16T10:02:14.773484Z | auth-service      | ERROR | req-81b7-35b7-f36e  | Authentication failed: invalid token          | latency=1473ms
2026-03-16T10:02:14.963721Z | auth-service      | ERROR | req-d4e0-49a8-067e  | Token expired: signature validation failed    | latency=1582ms
2026-03-16T10:02:15.177823Z | auth-service      | WARN  | req-d60a-e34b-3712  | Token expiring soon                           | latency=232ms
2026-03-16T10:02:15.36224Z | auth-service      | INFO  | req-ca6d-ddcc-bf8f  | Token validated successfully                  | latency=107ms
2026-03-16T10:02:15.576731Z | auth-service      | INFO  | req-0c24-8e2f-fb3f  | User authenticated                            | latency=68ms
2026-03-16T10:02:15.777996Z | auth-service      | INFO  | req-11e7-3f0c-7881  | Token validated successfully                  | latency=107ms
2026-03-16T10:02:15.967031Z | auth-service      | WARN  | req-dec1-ba59-e44f  | Token expiring soon                           | latency=320ms
2026-03-16T10:02:16.165389Z | auth-service      | INFO  | req-74ff-faa3-c04b  | Token validated successfully                  | latency=23ms
2026-03-16T10:02:16.370473Z | auth-service      | WARN  | req-dc00-e312-94fa  | Token expiring soon                           | latency=149ms
2026-03-16T10:02:16.572463Z | auth-service      | INFO  | req-d2b6-856f-0a28  | Session created                               | latency=74ms
2026-03-16T10:02:16.772139Z | auth-service      | INFO  | req-ccf8-5bba-5a08  | Token validated successfully                  | latency=62ms
2026-03-16T10:02:16.978039Z | auth-service      | INFO  | req-8c90-1462-3ec6  | User authenticated                            | latency=12ms
2026-03-16T10:02:17.174199Z | auth-service      | INFO  | req-362e-42fc-0611  | Token validated successfully                  | latency=45ms
2026-03-16T10:02:17.380374Z | auth-service      | INFO  | req-93ed-da0e-a040  | Session created                               | latency=89ms
2026-03-16T10:02:17.576856Z | auth-service      | ERROR | req-3620-9291-f4b8  | Auth service unavailable                      | latency=326ms
2026-03-16T10:02:17.773274Z | auth-service      | INFO  | req-85e3-c3e6-95de  | Session created                               | latency=67ms
2026-03-16T10:02:17.964404Z | auth-service      | INFO  | req-5929-536c-6189  | Token validated successfully                  | latency=101ms
2026-03-16T10:02:18.163793Z | auth-service      | INFO  | req-b7a1-1de9-542c  | User authenticated                            | latency=36ms
2026-03-16T10:02:18.370443Z | auth-service      | INFO  | req-587a-aeb8-ce35  | Token validated successfully                  | latency=69ms
2026-03-16T10:02:18.561727Z | auth-service      | ERROR | req-a56a-1623-b98f  | Auth service unavailable                      | latency=434ms
2026-03-16T10:02:18.761459Z | auth-service      | WARN  | req-f747-5ea1-5828  | Token expiring soon                           | latency=481ms
2026-03-16T10:02:18.964886Z | auth-service      | INFO  | req-866c-6130-6ba9  | Token validated successfully                  | latency=63ms
2026-03-16T10:02:19.166943Z | auth-service      | ERROR | req-36e1-bba1-4322  | Auth service unavailable                      | latency=1094ms
2026-03-16T10:02:19.364933Z | auth-service      | INFO  | req-638e-2d5d-1d9d  | Session created                               | latency=45ms
2026-03-16T10:02:19.578356Z | auth-service      | WARN  | req-a250-d2ad-23f5  | Token expiring soon                           | latency=293ms
2026-03-16T10:02:19.768975Z | auth-service      | INFO  | req-1f1d-c693-e236  | Token validated successfully                  | latency=101ms
