2026-03-16T10:01:50.222297Z | inventory-service | INFO  | req-aef6-4dae-0357  | Stock reserved                                | latency=17ms
2026-03-16T10:01:50.412362Z | inventory-service | WARN  | req-5d1c-908c-7cff  | Inventory sync delay                          | latency=66ms
2026-03-16T10:01:50.60293Z | inventory-service | INFO  | req-69de-5d57-911a  | Stock reserved                                | latency=14ms
2026-03-16T10:01:50.81882Z | inventory-service | INFO  | req-3024-489a-aacf  | Inventory checked                             | latency=98ms
2026-03-16T10:01:51.031904Z | inventory-service | INFO  | req-9b2c-415d-8c16  | Inventory checked                             | latency=84ms
2026-03-16T10:01:51.218896Z | inventory-service | WARN  | req-2eb0-6955-7ac1  | Inventory sync delay                          | latency=261ms
2026-03-16T10:01:51.416841Z | inventory-service | WARN  | req-d8b7-1dd4-8236  | Low stock warning                             | latency=195ms
2026-03-16T10:01:51.641308Z | inventory-service | INFO  | req-22c0-5e15-480a  | Inventory updated                             | latency=81ms
2026-03-16T10:01:51.811379Z | inventory-service | INFO  | req-a396-8d78-99ba  | Stock reserved                                | latency=69ms
2026-03-16T10:01:52.012208Z | inventory-service | INFO  | req-3333-6753-c5e8  | Inventory checked                             | latency=82ms
2026-03-16T10:01:52.195226Z | inventory-service | INFO  | req-57e9-ed6c-6d05  | Inventory checked                             | latency=57ms
2026-03-16T10:01:52.411195Z | inventory-service | INFO  | req-af67-f4f9-9156  | Inventory checked                             | latency=88ms
2026-03-16T10:01:52.619882Z | inventory-service | INFO  | req-53fc-7f50-b35e  | Inventory checked                             | latency=65ms
2026-03-16T10:01:52.801562Z | inventory-service | INFO  | req-d073-d6dd-19cd  | Stock reserved                                | latency=91ms
2026-03-16T10:01:53.018868Z | inventory-service | INFO  | req-3993-9178-3b75  | Stock reserved                                | latency=44ms
2026-03-16T10:01:53.216059Z | inventory-service | INFO  | req-b315-28ce-75fb  | Inventory updated                             | latency=10ms
2026-03-16T10:01:53.42095Z | inventory-service | ERROR | req-2e16-263b-9fc4  | Stock reservation conflict                    | latency=355ms
2026-03-16T10:01:53.60644Z | inventory-service | INFO  | req-bb06-a199-e27b  | Inventory checked                             | latency=70ms
2026-03-16T10:01:53.820781Z | inventory-service | INFO  | req-1df8-b0c2-e1d7  | Inventory updated                             | latency=20ms
2026-03-16T10:01:53.988318Z | inventory-service | INFO  | req-9949-de91-80c8  | Inventory updated                             | latency=50ms
2026-03-16T10:01:54.223513Z | inventory-service | WARN  | req-9416-56ac-9cda  | Inventory sync delay                          | latency=351ms
2026-03-16T10:01:54.614999Z | inventory-service | WARN  | req-6297-c1ae-2d6e  | Inventory sync delay                          | latency=467ms
2026-03-16T10:01:54.811428Z | inventory-service | INFO  | req-6c38-0cfa-37ae  | Stock reserved                                | latency=49ms
2026-03-16T10:01:55.014055Z | inventory-service | ERROR | req-9764-8588-d82b  | Stock reservation conflict                    | latency=87ms
2026-03-16T10:01:55.216544Z | inventory-service | INFO  | req-f807-5743-12b2  | Stock reserved                                | latency=39ms
2026-03-16T10:01:55.392648Z | inventory-service | INFO  | req-b17f-74fb-b186  | Inventory checked                             | latency=65ms
2026-03-16T10:01:55.621054Z | inventory-service | INFO  | req-dd67-93f8-22d8  | Inventory checked                             | latency=17ms
2026-03-16T10:01:55.823885Z | inventory-service | ERROR | req-6a82-c899-aa68  | Inventory update failed: timeout              | latency=258ms
2026-03-16T10:01:56.081876Z | inventory-service | ERROR | req-66d1-2598-d421  | Stock reservation conflict                    | latency=761ms
2026-03-16T10:01:56.230865Z | inventory-service | INFO  | req-06c7-bc91-c1a0  | Inventory updated                             | latency=107ms
2026-03-16T10:01:56.411722Z | inventory-service | INFO  | req-c435-34b0-41ab  | Inventory updated                             | latency=71ms
2026-03-16T10:01:56.631016Z | inventory-service | INFO  | req-a004-e123-feee  | Inventory updated                             | latency=61ms
2026-03-16T10:01:56.830762Z | inventory-service | WARN  | req-dd8b-871a-5605  | Inventory sync delay                          | latency=235ms
2026-03-16T10:01:57.01951Z | inventory-service | WARN  | req-5aab-012a-a578  | Inventory sync delay                          | latency=176ms
2026-03-16T10:01:57.218518Z | inventory-service | INFO  | req-cfdf-448a-a9fc  | Inventory checked                             | latency=35ms
2026-03-16T10:01:57.394794Z | inventory-service | INFO  | req-09b1-f94d-2d79  | Stock reserved                                | latency=50ms
2026-03-16T10:01:57.814502Z | inventory-service | INFO  | req-2fb9-1e5a-6a7a  | Inventory updated                             | latency=103ms
2026-03-16T10:01:58.219798Z | inventory-service | INFO  | req-51f0-0af8-cda2  | Inventory updated                             | latency=109ms
2026-03-16T10:01:58.397694Z | inventory-service | INFO  | req-a113-4b29-a39a  | Inventory updated                             | latency=72ms
2026-03-16T10:01:58.622047Z | inventory-service | INFO  | req-46bb-08ee-110e  | Inventory checked                             | latency=87ms
2026-03-16T10:01:58.830193Z | inventory-service | ERROR | req-d8c6-cd64-1474  | Inventory update failed: timeout              | latency=1332ms
2026-03-16T10:01:59.002255Z | inventory-service | ERROR | req-4b98-f84a-fdcc  | Stock reservation conflict                    | latency=1318ms
2026-03-16T10:01:59.219236Z | inventory-service | INFO  | req-a8ff-4671-305b  | Inventory checked                             | latency=51ms
2026-03-16T10:01:59.432045Z | inventory-service | INFO  | req-54e4-2607-c4ba  | Inventory checked                             | latency=47ms
2026-03-16T10:01:59.618727Z | inventory-service | ERROR | req-8815-43d9-886a  | Stock reservation conflict                    | latency=686ms
2026-03-16T10:01:59.832877Z | inventory-service | INFO  | req-ecf2-d907-d6e3  | Stock reserved                                | latency=90ms
2026-03-16T10:02:00.019531Z | inventory-service | WARN  | req-9fcc-04bb-0bf0  | Inventory sync delay                          | latency=173ms
2026-03-16T10:02:00.21822Z | inventory-service | INFO  | req-dd2b-cf3c-d2a6  | Inventory checked                             | latency=72ms
2026-03-16T10:02:00.407213Z | inventory-service | INFO  | req-1640-3c23-ed44  | Inventory checked                             | latency=29ms
2026-03-16T10:02:00.604717Z | inventory-service | ERROR | req-a5e5-5856-4471  | Inventory update failed: timeout              | latency=880ms
2026-03-16T10:02:00.800778Z | inventory-service | INFO  | req-378b-868a-8038  | Inventory updated                             | latency=99ms
2026-03-16T10:02:01.015465Z | inventory-service | ERROR | req-8bab-2ed3-2aa0  | Stock reservation conflict                    | latency=405ms
2026-03-16T10:02:01.234262Z | inventory-service | INFO  | req-2e75-d00f-422e  | Stock reserved                                | latency=54ms
2026-03-16T10:02:01.606574Z | inventory-service | INFO  | req-ba86-65a1-ba57  | Inventory checked                             | latency=80ms
2026-03-16T10:02:01.812127Z | inventory-service | INFO  | req-257b-6101-77ee  | Inventory updated                             | latency=48ms
2026-03-16T10:02:02.019055Z | inventory-service | WARN  | req-6d01-b002-4a99  | Inventory sync delay                          | latency=465ms
2026-03-16T10:02:02.229664Z | inventory-service | WARN  | req-851c-79f7-245e  | Inventory sync delay                          | latency=204ms
2026-03-16T10:02:02.401356Z | inventory-service | INFO  | req-b3d3-a4c8-1c3a  | Inventory checked                             | latency=47ms
2026-03-16T10:02:02.601371Z | inventory-service | ERROR | req-8b56-4d7b-2aca  | Stock reservation conflict                    | latency=1267ms
2026-03-16T10:02:02.872598Z | inventory-service | INFO  | req-fac7-5191-9151  | Inventory updated                             | latency=45ms
2026-03-16T10:02:03.029416Z | inventory-service | WARN  | req-931b-51d1-591f  | Low stock warning                             | latency=449ms
2026-03-16T10:02:03.228999Z | inventory-service | INFO  | req-3674-8c71-1411  | Inventory checked                             | latency=41ms
2026-03-16T10:02:03.434347Z | inventory-service | INFO  | req-6d01-ab9d-3c09  | Stock reserved                                | latency=60ms
2026-03-16T10:02:03.647332Z | inventory-service | INFO  | req-a3ff-264f-1875  | Inventory checked                             | latency=17ms
2026-03-16T10:02:03.819533Z | inventory-service | INFO  | req-eaa9-f077-2414  | Inventory updated                             | latency=30ms
2026-03-16T10:02:04.02406Z | inventory-service | WARN  | req-8c02-6169-a4d9  | Low stock warning                             | latency=227ms
2026-03-16T10:02:04.222416Z | inventory-service | INFO  | req-c343-2fae-03df  | Inventory updated                             | latency=38ms
2026-03-16T10:02:04.402988Z | inventory-service | ERROR | req-98cd-6eae-746c  | Inventory update failed: timeout              | latency=555ms
2026-03-16T10:02:04.626794Z | inventory-service | WARN  | req-d0d4-64cf-908a  | Low stock warning                             | latency=206ms
2026-03-16T10:02:04.81222Z | inventory-service | ERROR | req-5668-c1ca-7dd8  | Inventory update failed: timeout              | latency=338ms
2026-03-16T10:02:05.016995Z | inventory-service | INFO  | req-55cf-805f-cbce  | Inventory checked                             | latency=32ms
2026-03-16T10:02:05.232244Z | inventory-service | INFO  | req-2971-03c6-c7bf  | Stock reserved                                | latency=23ms
2026-03-16T10:02:05.41606Z | inventory-service | ERROR | req-ca6d-cdc5-4d39  | Stock reservation conflict                    | latency=178ms
2026-03-16T10:02:05.61334Z | inventory-service | WARN  | req-1e42-1125-e1c6  | Inventory sync delay                          | latency=430ms
2026-03-16T10:02:05.820901Z | inventory-service | WARN  | req-0fd1-c3ba-c6aa  | Inventory sync delay                          | latency=103ms
2026-03-16T10:02:06.026668Z | inventory-service | WARN  | req-aa8d-fced-f146  | Inventory sync delay                          | latency=111ms
2026-03-16T10:02:06.223826Z | inventory-service | INFO  | req-2b3a-4909-48eb  | Inventory updated                             | latency=62ms
2026-03-16T10:02:06.395281Z | inventory-service | ERROR | req-452e-7826-0db3  | Inventory update failed: timeout              | latency=431ms
2026-03-16T10:02:06.826406Z | inventory-service | WARN  | req-43d9-28ac-e22a  | Inventory sync delay                          | latency=243ms
2026-03-16T10:02:07.018783Z | inventory-service | WARN  | req-5b38-fea3-e335  | Low stock warning                             | latency=337ms
2026-03-16T10:02:07.246626Z | inventory-service | INFO  | req-a160-262d-31d9  | Inventory checked                             | latency=55ms
2026-03-16T10:02:07.411722Z | inventory-service | ERROR | req-e78c-aea0-2a1b  | Stock reservation conflict                    | latency=1235ms
2026-03-16T10:02:07.613983Z | inventory-service | INFO  | req-9805-9c31-a922  | Inventory checked                             | latency=52ms
2026-03-16T10:02:07.813884Z | inventory-service | INFO  | req-ce1e-0604-43fb  | Stock reserved                                | latency=103ms
2026-03-16T10:02:08.239629Z | inventory-service | INFO  | req-3fd8-3bc7-b6f1  | Inventory checked                             | latency=57ms
2026-03-16T10:02:08.424441Z | inventory-service | INFO  | req-8bd3-203b-bdbd  | Inventory checked                             | latency=27ms
2026-03-16T10:02:08.617662Z | inventory-service | WARN  | req-5e55-5f40-7000  | Inventory sync delay                          | latency=408ms
2026-03-16T10:02:08.790569Z | inventory-service | ERROR | req-f9db-d3ad-c8ba  | Inventory update failed: timeout              | latency=1487ms
2026-03-16T10:02:09.00459Z | inventory-service | WARN  | req-c246-b375-0d13  | Inventory sync delay                          | latency=237ms
2026-03-16T10:02:09.224525Z | inventory-service | WARN  | req-1b92-1ec9-3159  | Low stock warning                             | latency=180ms
2026-03-16T10:02:09.437306Z | inventory-service | INFO  | req-ddc6-6020-44cb  | Stock reserved                                | latency=12ms
2026-03-16T10:02:09.615896Z | inventory-service | WARN  | req-1acf-32e4-a782  | Inventory sync delay                          | latency=298ms
2026-03-16T10:02:09.823915Z | inventory-service | INFO  | req-2d34-fa3f-2457  | Stock reserved                                | latency=37ms
2026-03-16T10:02:10.038707Z | inventory-service | INFO  | req-1e8f-25fb-9899  | Stock reserved                                | latency=70ms
2026-03-16T10:02:10.400256Z | inventory-service | INFO  | req-fd29-aa65-c6c7  | Stock reserved                                | latency=47ms
2026-03-16T10:02:10.610226Z | inventory-service | INFO  | req-1e8f-b38e-08b5  | Inventory checked                             | latency=58ms
2026-03-16T10:02:10.817254Z | inventory-service | INFO  | req-4871-6f9a-038f  | Inventory checked                             | latency=16ms
2026-03-16T10:02:11.024209Z | inventory-service | INFO  | req-d101-7013-4dbc  | Inventory updated                             | latency=37ms
2026-03-16T10:02:11.219163Z | inventory-service | INFO  | req-61f5-833b-6aea  | Inventory checked                             | latency=18ms
2026-03-16T10:02:11.414132Z | inventory-service | INFO  | req-ef2a-df04-abd3  | Stock reserved                                | latency=17ms
2026-03-16T10:02:11.63954Z | inventory-service | INFO  | req-000d-abba-2fcd  | Inventory updated                             | latency=27ms
2026-03-16T10:02:11.815924Z | inventory-service | INFO  | req-3719-01cf-0839  | Inventory updated                             | latency=13ms
2026-03-16T10:02:12.023139Z | inventory-service | INFO  | req-97b7-6e98-dc9b  | Inventory checked                             | latency=108ms
2026-03-16T10:02:12.211323Z | inventory-service | INFO  | req-7881-7dbf-0702  | Stock reserved                                | latency=57ms
2026-03-16T10:02:12.42451Z | inventory-service | INFO  | req-f34a-3973-8125  | Inventory updated                             | latency=30ms
2026-03-16T10:02:12.595794Z | inventory-service | WARN  | req-0cb1-9847-41c7  | Low stock warning                             | latency=449ms
2026-03-16T10:02:12.799097Z | inventory-service | INFO  | req-43a7-f48a-fe6f  | Inventory updated                             | latency=20ms
2026-03-16T10:02:13.002197Z | inventory-service | INFO  | req-558a-f825-8247  | Inventory checked                             | latency=77ms
2026-03-16T10:02:13.209157Z | inventory-service | INFO  | req-0f66-79dc-40b4  | Inventory updated                             | latency=41ms
2026-03-16T10:02:13.437176Z | inventory-service | INFO  | req-40d3-4688-f0d4  | Inventory checked                             | latency=55ms
2026-03-16T10:02:13.83046Z | inventory-service | INFO  | req-1fb4-74e8-8c6a  | Stock reserved                                | latency=19ms
2026-03-16T10:02:14.012357Z | inventory-service | WARN  | req-31b2-c02c-e6f0  | Inventory sync delay                          | latency=407ms
2026-03-16T10:02:14.218134Z | inventory-service | WARN  | req-170f-b40d-bd98  | Inventory sync delay                          | latency=69ms
2026-03-16T10:02:14.416112Z | inventory-service | INFO  | req-1086-d80d-f972  | Inventory checked                             | latency=56ms
2026-03-16T10:02:14.608561Z | inventory-service | ERROR | req-d7eb-a671-a405  | Inventory update failed: timeout              | latency=150ms
2026-03-16T10:02:14.826494Z | inventory-service | INFO  | req-81b7-35b7-f36e  | Inventory checked                             | latency=33ms
2026-03-16T10:02:15.003248Z | inventory-service | ERROR | req-d4e0-49a8-067e  | Inventory update failed: timeout              | latency=1256ms
2026-03-16T10:02:15.216486Z | inventory-service | ERROR | req-d60a-e34b-3712  | Stock reservation conflict                    | latency=224ms
2026-03-16T10:02:15.416504Z | inventory-service | INFO  | req-ca6d-ddcc-bf8f  | Stock reserved                                | latency=78ms
2026-03-16T10:02:15.6067Z | inventory-service | INFO  | req-0c24-8e2f-fb3f  | Inventory updated                             | latency=21ms
2026-03-16T10:02:15.835162Z | inventory-service | INFO  | req-11e7-3f0c-7881  | Stock reserved                                | latency=27ms
2026-03-16T10:02:16.024437Z | inventory-service | INFO  | req-dec1-ba59-e44f  | Stock reserved                                | latency=33ms
2026-03-16T10:02:16.208964Z | inventory-service | ERROR | req-74ff-faa3-c04b  | Stock reservation conflict                    | latency=1557ms
2026-03-16T10:02:16.409757Z | inventory-service | WARN  | req-dc00-e312-94fa  | Inventory sync delay                          | latency=321ms
2026-03-16T10:02:16.626894Z | inventory-service | ERROR | req-d2b6-856f-0a28  | Inventory update failed: timeout              | latency=1447ms
2026-03-16T10:02:16.844643Z | inventory-service | INFO  | req-ccf8-5bba-5a08  | Inventory updated                             | latency=97ms
2026-03-16T10:02:17.010418Z | inventory-service | INFO  | req-8c90-1462-3ec6  | Stock reserved                                | latency=63ms
2026-03-16T10:02:17.420913Z | inventory-service | ERROR | req-93ed-da0e-a040  | Inventory update failed: timeout              | latency=511ms
2026-03-16T10:02:17.605187Z | inventory-service | INFO  | req-3620-9291-f4b8  | Stock reserved                                | latency=24ms
2026-03-16T10:02:17.821254Z | inventory-service | WARN  | req-85e3-c3e6-95de  | Inventory sync delay                          | latency=414ms
2026-03-16T10:02:18.006475Z | inventory-service | INFO  | req-5929-536c-6189  | Stock reserved                                | latency=59ms
2026-03-16T10:02:18.203983Z | inventory-service | INFO  | req-b7a1-1de9-542c  | Inventory updated                             | latency=17ms
2026-03-16T10:02:18.416049Z | inventory-service | WARN  | req-587a-aeb8-ce35  | Low stock warning                             | latency=445ms
2026-03-16T10:02:18.62433Z | inventory-service | WARN  | req-a56a-1623-b98f  | Inventory sync delay                          | latency=218ms
2026-03-16T10:02:18.811782Z | inventory-service | INFO  | req-f747-5ea1-5828  | Inventory checked                             | latency=99ms
2026-03-16T10:02:19.022243Z | inventory-service | ERROR | req-866c-6130-6ba9  | Stock reservation conflict                    | latency=587ms
2026-03-16T10:02:19.216269Z | inventory-service | INFO  | req-36e1-bba1-4322  | Inventory updated                             | latency=71ms
2026-03-16T10:02:19.415699Z | inventory-service | ERROR | req-638e-2d5d-1d9d  | Inventory update failed: timeout              | latency=1241ms
2026-03-16T10:02:19.608698Z | inventory-service | INFO  | req-a250-d2ad-23f5  | Stock reserved                                | latency=98ms
2026-03-16T10:02:19.80184Z | inventory-service | WARN  | req-1f1d-c693-e236  | Low stock warning                             | latency=456ms
